Tue 23 Apr 2024 03:41:58 PM EDT
fake
real
Done with preprocessing.
Original labels: [0 0 1 1 1]
Encoded labels: [0 0 1 1 1]
One-hot encoded labels: [[1. 0.]
 [1. 0.]
 [0. 1.]
 [0. 1.]
 [0. 1.]]

          Training data shape (X,y) : (((12612, 112, 112, 3), (12612, 2)))
          Testing data shape (X,y)  : (((701, 112, 112, 3), (701, 2)))
          Validation data shape (X,y) :((array([[[[0.6901961 , 0.73333335, 0.70980394],
         [0.69803923, 0.73333335, 0.70980394],
         [0.6666667 , 0.7176471 , 0.69411767],
         ...,
         [0.67058825, 0.7607843 , 0.78431374],
         [0.6627451 , 0.7647059 , 0.7882353 ],
         [0.6666667 , 0.7411765 , 0.75686276]],

        [[0.68235296, 0.7254902 , 0.7019608 ],
         [0.6901961 , 0.7294118 , 0.7058824 ],
         [0.68235296, 0.7137255 , 0.7019608 ],
         ...,
         [0.6745098 , 0.7647059 , 0.7882353 ],
         [0.67058825, 0.75686276, 0.7882353 ],
         [0.67058825, 0.7490196 , 0.7764706 ]],

        [[0.6784314 , 0.72156864, 0.69803923],
         [0.68235296, 0.7254902 , 0.7019608 ],
         [0.6666667 , 0.7137255 , 0.7019608 ],
         ...,
         [0.67058825, 0.7607843 , 0.78431374],
         [0.6627451 , 0.7607843 , 0.78431374],
         [0.67058825, 0.7647059 , 0.7764706 ]],

        ...,

        [[0.6862745 , 0.76862746, 0.76862746],
         [0.6745098 , 0.7529412 , 0.76862746],
         [0.6627451 , 0.7372549 , 0.7529412 ],
         ...,
         [0.08627451, 0.15686275, 0.26666668],
         [0.08627451, 0.16862746, 0.2784314 ],
         [0.07058824, 0.15294118, 0.2627451 ]],

        [[0.6862745 , 0.7607843 , 0.7764706 ],
         [0.6745098 , 0.75686276, 0.77254903],
         [0.6666667 , 0.7411765 , 0.75686276],
         ...,
         [0.09019608, 0.15686275, 0.27450982],
         [0.08627451, 0.17254902, 0.28627452],
         [0.06666667, 0.15686275, 0.25882354]],

        [[0.6784314 , 0.7647059 , 0.77254903],
         [0.6745098 , 0.7529412 , 0.78039217],
         [0.65882355, 0.7411765 , 0.75686276],
         ...,
         [0.07843138, 0.16470589, 0.25882354],
         [0.07843138, 0.16078432, 0.2627451 ],
         [0.08235294, 0.15294118, 0.25882354]]],


       [[[0.23529412, 0.2509804 , 0.3137255 ],
         [0.28627452, 0.3019608 , 0.34117648],
         [0.29411766, 0.30588236, 0.34901962],
         ...,
         [0.4509804 , 0.48235294, 0.47843137],
         [0.49411765, 0.50980395, 0.5176471 ],
         [0.44313726, 0.47843137, 0.47058824]],

        [[0.29411766, 0.29411766, 0.34117648],
         [0.25490198, 0.27058825, 0.30588236],
         [0.2784314 , 0.29411766, 0.32941177],
         ...,
         [0.48235294, 0.5137255 , 0.50980395],
         [0.49803922, 0.5176471 , 0.52156866],
         [0.53333336, 0.5529412 , 0.5764706 ]],

        [[0.25882354, 0.2627451 , 0.3019608 ],
         [0.26666668, 0.27450982, 0.3137255 ],
         [0.3019608 , 0.3137255 , 0.34117648],
         ...,
         [0.48235294, 0.5137255 , 0.5137255 ],
         [0.5137255 , 0.53333336, 0.5529412 ],
         [0.5411765 , 0.54901963, 0.57254905]],

        ...,

        [[0.11764706, 0.11372549, 0.20392157],
         [0.10196079, 0.10980392, 0.20784314],
         [0.10980392, 0.11372549, 0.21176471],
         ...,
         [0.05882353, 0.05098039, 0.07450981],
         [0.09411765, 0.0627451 , 0.12156863],
         [0.27058825, 0.21960784, 0.32156864]],

        [[0.07450981, 0.07058824, 0.16078432],
         [0.10196079, 0.10588235, 0.20392157],
         [0.10980392, 0.11372549, 0.21176471],
         ...,
         [0.03137255, 0.00784314, 0.03921569],
         [0.02745098, 0.        , 0.03921569],
         [0.01568628, 0.        , 0.03921569]],

        [[0.15294118, 0.11764706, 0.21176471],
         [0.07450981, 0.07843138, 0.16862746],
         [0.10980392, 0.13333334, 0.22745098],
         ...,
         [0.01176471, 0.00392157, 0.02352941],
         [0.01960784, 0.00784314, 0.03529412],
         [0.00392157, 0.00392157, 0.03137255]]],


       [[[0.18039216, 0.1882353 , 0.16078432],
         [0.28235295, 0.23529412, 0.24313726],
         [0.2509804 , 0.20392157, 0.23137255],
         ...,
         [0.11372549, 0.08235294, 0.11372549],
         [0.12156863, 0.07450981, 0.10588235],
         [0.10980392, 0.07058824, 0.12156863]],

        [[0.20784314, 0.18431373, 0.21568628],
         [0.22352941, 0.18039216, 0.21568628],
         [0.24313726, 0.21176471, 0.24313726],
         ...,
         [0.11764706, 0.07450981, 0.10980392],
         [0.11372549, 0.07450981, 0.10196079],
         [0.10196079, 0.07058824, 0.12941177]],

        [[0.22745098, 0.18431373, 0.24313726],
         [0.23137255, 0.1882353 , 0.22352941],
         [0.24313726, 0.21568628, 0.23529412],
         ...,
         [0.1254902 , 0.07843138, 0.11372549],
         [0.11372549, 0.07450981, 0.10588235],
         [0.05098039, 0.02352941, 0.06666667]],

        ...,

        [[0.04705882, 0.01176471, 0.02352941],
         [0.03137255, 0.01176471, 0.01568628],
         [0.02745098, 0.01176471, 0.01568628],
         ...,
         [0.03137255, 0.01176471, 0.01568628],
         [0.03137255, 0.01176471, 0.01568628],
         [0.03921569, 0.01176471, 0.01960784]],

        [[0.05098039, 0.01176471, 0.01960784],
         [0.02745098, 0.00784314, 0.01176471],
         [0.02745098, 0.00784314, 0.03137255],
         ...,
         [0.03137255, 0.00784314, 0.01960784],
         [0.03137255, 0.01176471, 0.01568628],
         [0.03921569, 0.00784314, 0.01568628]],

        [[0.03137255, 0.01176471, 0.01568628],
         [0.03137255, 0.00784314, 0.01960784],
         [0.03137255, 0.00784314, 0.01960784],
         ...,
         [0.03137255, 0.00784314, 0.01960784],
         [0.03921569, 0.00392157, 0.01960784],
         [0.04705882, 0.00784314, 0.01568628]]],


       ...,


       [[[0.2784314 , 0.33333334, 0.28235295],
         [0.27450982, 0.28235295, 0.36078432],
         [0.29803923, 0.34509805, 0.29411766],
         ...,
         [0.5882353 , 0.54509807, 0.5803922 ],
         [0.5764706 , 0.53333336, 0.54901963],
         [0.5921569 , 0.5372549 , 0.5764706 ]],

        [[0.27450982, 0.32156864, 0.2901961 ],
         [0.2901961 , 0.32156864, 0.33333334],
         [0.31764707, 0.34509805, 0.34509805],
         ...,
         [0.56078434, 0.5294118 , 0.56078434],
         [0.5921569 , 0.5568628 , 0.57254905],
         [0.5803922 , 0.5372549 , 0.57254905]],

        [[0.27058825, 0.29803923, 0.30588236],
         [0.29411766, 0.31764707, 0.30980393],
         [0.28627452, 0.3137255 , 0.3019608 ],
         ...,
         [0.54509807, 0.5372549 , 0.5529412 ],
         [0.5568628 , 0.5529412 , 0.5568628 ],
         [0.5568628 , 0.5411765 , 0.5686275 ]],

        ...,

        [[0.12156863, 0.11372549, 0.14901961],
         [0.02745098, 0.02745098, 0.05882353],
         [0.04705882, 0.04313726, 0.08627451],
         ...,
         [0.02352941, 0.01568628, 0.01960784],
         [0.01960784, 0.01176471, 0.01960784],
         [0.02745098, 0.00784314, 0.02352941]],

        [[0.03137255, 0.01176471, 0.03529412],
         [0.00784314, 0.00784314, 0.03529412],
         [0.05882353, 0.05882353, 0.08627451],
         ...,
         [0.02745098, 0.01176471, 0.02352941],
         [0.02352941, 0.00784314, 0.01960784],
         [0.02352941, 0.00392157, 0.02745098]],

        [[0.01960784, 0.01568628, 0.02352941],
         [0.03921569, 0.03529412, 0.04313726],
         [0.10196079, 0.10196079, 0.10196079],
         ...,
         [0.02352941, 0.00392157, 0.02745098],
         [0.02745098, 0.00784314, 0.03137255],
         [0.03529412, 0.00784314, 0.03137255]]],


       [[[0.38039216, 0.4       , 0.4       ],
         [0.3882353 , 0.42745098, 0.41568628],
         [0.40392157, 0.43529412, 0.42352942],
         ...,
         [0.54901963, 0.60784316, 0.6       ],
         [0.5294118 , 0.5921569 , 0.5921569 ],
         [0.53333336, 0.5686275 , 0.57254905]],

        [[0.38039216, 0.4117647 , 0.4       ],
         [0.3882353 , 0.42745098, 0.41568628],
         [0.40784314, 0.4392157 , 0.42745098],
         ...,
         [0.54901963, 0.6       , 0.6117647 ],
         [0.5411765 , 0.6       , 0.58431375],
         [0.5411765 , 0.5764706 , 0.5803922 ]],

        [[0.36862746, 0.40784314, 0.39607844],
         [0.4       , 0.43137255, 0.41960785],
         [0.41960785, 0.4509804 , 0.4392157 ],
         ...,
         [0.5568628 , 0.6117647 , 0.6117647 ],
         [0.56078434, 0.59607846, 0.6       ],
         [0.5529412 , 0.5882353 , 0.5921569 ]],

        ...,

        [[0.99607843, 0.9137255 , 0.8392157 ],
         [1.        , 0.9019608 , 0.8352941 ],
         [0.9098039 , 0.7607843 , 0.7294118 ],
         ...,
         [0.5372549 , 0.60784316, 0.6392157 ],
         [0.5372549 , 0.6       , 0.627451  ],
         [0.5176471 , 0.58431375, 0.6156863 ]],

        [[0.99607843, 0.8666667 , 0.83137256],
         [0.8666667 , 0.73333335, 0.7372549 ],
         [0.5137255 , 0.37254903, 0.3647059 ],
         ...,
         [0.5294118 , 0.60784316, 0.63529414],
         [0.5176471 , 0.59607846, 0.62352943],
         [0.50980395, 0.5686275 , 0.6117647 ]],

        [[0.5294118 , 0.3647059 , 0.34901962],
         [0.56078434, 0.37254903, 0.36862746],
         [0.5803922 , 0.38039216, 0.3882353 ],
         ...,
         [0.5294118 , 0.59607846, 0.6313726 ],
         [0.5176471 , 0.5882353 , 0.6156863 ],
         [0.4862745 , 0.56078434, 0.59607846]]],


       [[[0.5411765 , 0.5803922 , 0.61960787],
         [0.49019608, 0.56078434, 0.6039216 ],
         [0.53333336, 0.5882353 , 0.6431373 ],
         ...,
         [0.15686275, 0.10196079, 0.14901961],
         [0.12156863, 0.07058824, 0.1254902 ],
         [0.09411765, 0.07843138, 0.11764706]],

        [[0.5372549 , 0.5764706 , 0.6156863 ],
         [0.5372549 , 0.5803922 , 0.627451  ],
         [0.5568628 , 0.5803922 , 0.6431373 ],
         ...,
         [0.12156863, 0.09019608, 0.14117648],
         [0.09803922, 0.07058824, 0.11372549],
         [0.09411765, 0.08235294, 0.10980392]],

        [[0.53333336, 0.57254905, 0.6156863 ],
         [0.5372549 , 0.5764706 , 0.62352943],
         [0.54901963, 0.5882353 , 0.63529414],
         ...,
         [0.09803922, 0.08627451, 0.11372549],
         [0.08235294, 0.07843138, 0.10980392],
         [0.05882353, 0.05490196, 0.09411765]],

        ...,

        [[0.30588236, 0.32941177, 0.35686275],
         [0.31764707, 0.3372549 , 0.3764706 ],
         [0.32156864, 0.34117648, 0.38431373],
         ...,
         [0.08235294, 0.05098039, 0.08235294],
         [0.08235294, 0.04313726, 0.08235294],
         [0.09803922, 0.05490196, 0.08627451]],

        [[0.30980393, 0.3254902 , 0.36078432],
         [0.3254902 , 0.3254902 , 0.37254903],
         [0.30588236, 0.31764707, 0.36078432],
         ...,
         [0.07450981, 0.05490196, 0.07843138],
         [0.08235294, 0.03921569, 0.07450981],
         [0.10196079, 0.05098039, 0.06666667]],

        [[0.3372549 , 0.29803923, 0.35686275],
         [0.3372549 , 0.3137255 , 0.36862746],
         [0.32156864, 0.32941177, 0.35686275],
         ...,
         [0.07450981, 0.05098039, 0.08235294],
         [0.09411765, 0.04705882, 0.07450981],
         [0.09019608, 0.05098039, 0.05882353]]]], dtype=float32), array([[0., 1.],
       [1., 0.],
       [1., 0.],
       ...,
       [0., 1.],
       [0., 1.],
       [1., 0.]], dtype=float32)))
    
Tue 23 Apr 2024 03:50:58 PM EDT
